20022 02
22202 22
02101 21
10000 00
22022 22
22212 22
01210 22
21011 11
22112 20
20200 20
02011 21
01102 11
01002 11
02001 21
20002 02
00221 02
00012 02
22012 22
22002 22
01202 11
10011 01
21221 22
02211 22
10012 02
21102 11
10011 01
22200 22
02221 22
12101 11
22221 22
12200 22
11022 11
22112 20
22111 20
22110 20
20212 22
00200 00
21101 11
12021 21
22001 21
20101 21
10212 22
11212 22
20110 20
22022 22
11122 12
21002 11
22010 22
20211 22
11122 12
21121 22
01020 11
01102 11
12110 10
10112 10
22002 22
20112 20
21001 11
10221 22
10001 01
12220 22
12212 22
11222 22
22102 22
21021 11
11221 22
10000 00
12201 21
22222 22
22212 22
10110 10
20122 22
00011 01
02002 22
10212 22
20111 20
12221 22
22111 20
11112 10
02102 22
12000 22
22111 20
00022 02
22210 22
02121 22
02020 22
20221 22
02111 00
21101 11
10001 01
00120 00
22221 22
02202 22
00222 02
01122 22
20200 20
11100 11
12212 22
11201 11
21221 22
20002 02
20220 20
00220 00
20011 01
00001 01
22021 21
11112 10
11210 22
01120 22
11120 12
02110 00
20202 22
12100 12
02200 22
20200 20
02211 22
02110 00
11112 10
10120 10
10210 20
00121 02
12011 21
21110 20
12221 22
11120 12
21022 11
10022 02
11220 22
11222 22
21220 22
11201 11
20202 22
22001 21
22021 21
01020 11
02121 22
21211 22
01102 11
10110 10
01000 11
10122 12
22112 20
01020 11
10121 12
10101 11
20221 22
01120 22
12200 22
10110 10
10102 12
22202 22
10012 02
11120 12
11211 22
02211 22
00111 00
11002 11
02200 22
21101 11
21222 22
12211 22
11200 11
01211 22
11112 10
10000 00
22222 22
20122 22
00100 00
10212 22
12120 12
00110 00
20022 02
21011 11
22202 22
02220 22
20202 22
00011 01
01110 00
10212 22
00101 01
00002 02
00200 00
21020 11
20111 20
12211 22
22202 22
01202 11
21221 22
01010 11
00111 00
20122 22
21112 20
02122 22
01100 11
00201 01
00212 02
11020 11
22200 22
10200 20
20201 21
01221 22
12201 21
12221 22
01001 11
11212 22
01022 11
12012 22
12110 10
20222 22
12022 22
20122 22
02011 21
22121 22
01022 11
12211 22
12121 12
11201 11
11022 11
21201 11
01210 22
20221 22
10100 10
01202 11
02001 21
22020 22
12111 10
20112 20
00010 00
11202 11
10111 10
21020 11
11022 11
11000 11
20101 21
11012 11
22211 22
11010 11
00212 02
10110 10
21002 11
22100 22
00201 01
11010 11
12000 22
01110 00
10220 20
12220 22
02002 22
21122 22
10211 22
21210 22
02022 22
11111 10
12022 22
02021 21
00222 02
02000 22
01011 11
20212 22
10122 12
02112 00
02201 21
11122 12
20001 01
12211 22
12102 12
10101 11
11101 11
21010 11
21121 22
21120 22
21011 11
22210 22
12120 12
02100 22
20200 20
00220 00
02100 22
00022 02
10222 22
20111 20
20121 22
22212 22
21112 20
11021 11
20110 20
10001 01
10202 22
12211 22
11022 11
21101 11
02121 22
10221 22
11202 11
12210 22
00202 02
20110 20
21010 11
10102 12
21122 22
01222 22
02220 22
21112 20
11022 11
10220 20
22201 21
11210 22
21010 11
11222 22
11020 11
00102 02
20210 20
10201 21
20002 02
01021 11
01010 11
11021 11
01200 11
21122 22
02202 22
11120 12
02200 22
22201 21
11001 11
10022 02
20120 20
11120 12
20211 22
01001 11
21021 11
21221 22
22102 22
22001 21
00202 02
00000 00
22202 22
12002 22
22200 22
12210 22
11101 11
00210 00
00021 01
20001 01
02020 22
10002 02
02012 22
22010 22
01111 00
21102 11
20200 20
22022 22
20202 22
12111 10
22200 22
00220 00
12100 12
10220 20
22110 20
02021 21
12012 22
12011 21
10120 10
11101 11
20001 01
10110 10
02210 22
20021 01
11101 11
21202 11
10010 00
10101 11
10011 01
10110 10
00110 00
20221 22
20222 22
21201 11
12220 22
11122 12
10001 01
10210 20
10002 02
02000 22
21211 22
02212 22
20220 20
11102 11
12022 22
22200 22
00222 02
00201 01
12112 10
22000 22
21201 11
20121 22
12112 10
02202 22
11100 11
02002 22
00100 00
22112 20
22101 21
11001 11
22002 22
11112 10
12002 22
10221 22
11102 11
21022 11
22100 22
02120 22
00211 02
22111 20
00010 00
20200 20
12200 22
21210 22
02120 22
21210 22
11010 11
10001 01
12102 12
10011 01
11121 12
12011 21
02001 21
02202 22
02112 00
10021 01
21201 11
11010 11
21222 22
12100 12
10202 22
22201 21
02002 22
12120 12
11210 22
12002 22
02002 22
02122 22
00201 01
11020 11
01202 11
02102 22
11121 12
12122 12
00000 00
11221 22
20220 20
22202 22
22011 21
12122 12
10210 20
00222 02
02201 21
22020 22
21200 11
11201 11
21220 22
02021 21
00021 01
12121 12
11012 11
00000 00
20222 22
22102 22
00200 00
12221 22
10022 02
20201 21
20112 20
01122 22
02202 22
01220 22
11110 10
01121 22
21100 11
01220 22
10210 20
21121 22
20202 22
00010 00
20101 21
21211 22
00101 01
10002 02
12000 22
20022 02
01022 11
12111 10
02112 00
00200 00
21022 11
02011 21
22022 22
01120 22
02221 22
12110 10
11220 22
10221 22
11021 11
00022 02
02222 22
01110 00
20112 20
20212 22
10120 10
02001 21
21110 20
01220 22
22001 21
02101 21
11220 22
22020 22
22101 21
21010 11
01211 22
11021 11
20210 20
00000 00
02220 22
12110 10
21122 22
00112 00
20022 02
12010 22
02202 22
21112 20
20100 20
11022 11
02012 22
22221 22
22020 22
01110 00
10101 11
11211 22
12110 10
01220 22
01010 11
01222 22
01011 11
12001 21
12001 21
10200 20
01210 22
02201 21
20222 22
10211 22
02110 00
22020 22
10201 21
20111 20
20120 20
11002 11
21202 11
20200 20
01121 22
21210 22
00120 00
10220 20
11102 11
10000 00
00110 00
01122 22
20002 02
11200 11
22212 22
12010 22
02121 22
12002 22
02210 22
12110 10
21212 22
20222 22
00112 00
00100 00
10001 01
02121 22
21210 22
21121 22
02121 22
12200 22
01102 11
01110 00
00222 02
22111 20
21110 20
02022 22
02010 22
21110 20
12101 11
10121 12
01010 11
02211 22
12120 12
12221 22
01012 11
22202 22
10122 12
10101 11
22002 22
12111 10
01200 11
12210 22
20002 02
21201 11
10111 10
00021 01
22222 22
21220 22
21021 11
02000 22
12101 11
20102 22
20122 22
12001 21
12022 22
22220 22
01211 22
01221 22
21110 20
12020 22
20222 22
22221 22
02000 22
21110 20
01122 22
20120 20
12011 21
01100 11
20201 21
02211 22
22211 22
10100 10
12221 22
10220 20
02100 22
20222 22
11102 11
22010 22
10210 20
00000 00
11001 11
00102 02
11122 12
12111 10
10112 10
22200 22
01102 11
21202 11
21001 11
01020 11
21112 20
00100 00
21202 11
22010 22
21101 11
01010 11
10101 11
10101 11
22212 22
11122 12
12100 12
00101 01
12202 22
01011 11
21020 11
00110 00
00210 00
02112 00
00220 00
22121 22
01210 22
21100 11
21020 11
02220 22
22011 21
00120 00
20211 22
00211 02
01200 11
21210 22
21000 11
11120 12
12000 22
21122 22
22012 22
10102 12
10110 10
10120 10
20201 21
02211 22
20001 01
01212 22
20202 22
01220 22
01102 11
00121 02
02212 22
11100 11
00001 01
20222 22
00120 00
02122 22
20121 22
10001 01
10110 10
21121 22
00122 02
20102 22
10022 02
11221 22
00222 02
01111 00
22111 20
00220 00
20120 20
01200 11
01100 11
10202 22
02111 00
02221 22
01110 00
21212 22
22012 22
02022 22
20211 22
12001 21
20011 01
10002 02
20221 22
10120 10
12010 22
22220 22
12020 22
21121 22
02221 22
11201 11
21020 11
11001 11
02012 22
10020 00
20212 22
12102 12
20122 22
20121 22
00111 00
02202 22
22211 22
20000 00
02022 22
01220 22
10121 12
20120 20
12001 21
22102 22
20222 22
10012 02
12222 22
12202 22
01111 00
20100 20
12112 10
02211 22
20122 22
10201 21
11202 11
12020 22
01012 11
22221 22
01111 00
12100 12
02122 22
10210 20
22121 22
12001 21
20002 02
11202 11
00222 02
20012 02
10100 10
01201 11
00210 00
22212 22
12211 22
20201 21
11201 11
20021 01
10101 11
22011 21
00001 01
22210 22
00100 00
00102 02
02020 22
11020 11
12022 22
21210 22
22002 22
11202 11
20122 22
10122 12
11220 22
11200 11
02200 22
22212 22
11200 11
22001 21
02221 22
01001 11
00101 01
12011 21
22222 22
22202 22
01221 22
00200 00
11022 11
11112 10
01220 22
22210 22
21111 20
22120 22
20122 22
10122 12
00022 02
12210 22
21212 22
11200 11
22111 20
12222 22
22222 22
21222 22
22020 22
00221 02
22010 22
22021 21
21121 22
12201 21
22002 22
00000 00
12021 21
01011 11
20200 20
01202 11
02212 22
12012 22
12212 22
02010 22
20111 20
12002 22
21212 22
12221 22
10101 11
00012 02
10222 22
00101 01
12201 21
22012 22
20200 20
10121 12
00202 02
11201 11
11112 10
20202 22
12000 22
02021 21
20111 20
00200 00
01122 22
02020 22
01001 11
01001 11
20101 21
01121 22
10002 02
01201 11
21221 22
00010 00
10101 11
20212 22
10210 20
21222 22
01021 11
10122 12
20201 21
10102 12
11200 11
00222 02
10112 10
00222 02
21012 11
10020 00
21221 22
00220 00
11000 11
00102 02
02111 00
12112 10
21011 11
22221 22
21201 11
00110 00
12000 22
11020 11
01210 22
01220 22
02102 22
01222 22
00100 00
11221 22
22211 22
21211 22
22010 22
22121 22
10220 20
21220 22
01002 11
12111 10
01112 00
21110 20
02021 21
12001 21
11211 22
20111 20
02020 22
01120 22
22221 22
11022 11
10012 02
21200 11
11210 22
21200 11
20022 02
11120 12
01010 11
20121 22
11200 11
00221 02
01100 11
12121 12
20221 22
02212 22
12000 22
11000 11
20100 20
21211 22
10112 10
01200 11
11222 22
00010 00
00121 02
21222 22
10222 22
20020 00
01100 11
11112 10
21000 11
10212 22
22012 22
21001 11
01222 22
00022 02
01012 11
10212 22
10122 12
11112 10
22022 22
02201 21
11020 11
21012 11
20012 02
20102 22
00212 02
11112 10
00102 02
10121 12
12211 22
20211 22
11102 11
02020 22
02010 22
02012 22
20121 22
01220 22
10121 12
10022 02
12210 22
02000 22
20112 20
21120 22
10100 10
01010 11
02001 21
00011 01
01212 22
11101 11
12102 12
20101 21
21021 11
